<?xml version="1.0" encoding="UTF-8"?>
<!-- Generated by org.testng.reporters.JUnitReportReporter -->
<testsuite hostname="AmiraElBahrawy" failures="0" tests="1" name="Runner.TestRunner" time="62.813" errors="0" timestamp="2021-02-28T19:52:47 EET" skipped="0">
  <testcase classname="Runner.TestRunner" name="runScenario" time="62.813"/>
  <system-out/>
</testsuite> <!-- Runner.TestRunner -->
